DOES NOT WORK

Application bundle generation failed. [4.276 seconds] - 2025-11-24T16:12:43.199Z

✘ [ERROR] TS2320: Interface 'HTMLIonInputElement' cannot simultaneously extend types 'IonInput' and 'HTMLStencilElement'.
  Named property 'autocorrect' of types 'IonInput' and 'HTMLStencilElement' are not identical. [plugin angular-compiler]

    node_modules/.pnpm/@ionic+core@8.6.3/node_modules/@ionic/core/dist/types/components.d.ts:4326:14:
      4326 │     interface HTMLIonInputElement extends Components.IonInput, H...
           ╵               ~~~~~~~~~~~~~~~~~~~


✘ [ERROR] TS2320: Interface 'HTMLIonSearchbarElement' cannot simultaneously extend types 'IonSearchbar' and 'HTMLStencilElement'.
  Named property 'autocorrect' of types 'IonSearchbar' and 'HTMLStencilElement' are not identical. [plugin angular-compiler]

    node_modules/.pnpm/@ionic+core@8.6.3/node_modules/@ionic/core/dist/types/components.d.ts:4885:14:
      4885 │     interface HTMLIonSearchbarElement extends Components.IonSear...
           ╵               ~~~~~~~~~~~~~~~~~~~~~~~


Watch mode enabled. Watching for file changes...


